c:\users\matan\desktop\final_targil3_matan_naor - horasa -18.1 - copy\project-7.12\debug\vc140.pdb
c:\users\matan\desktop\final_targil3_matan_naor - horasa -18.1 - copy\project-7.12\debug\vc140.idb
c:\users\matan\desktop\final_targil3_matan_naor - horasa -18.1 - copy\project-7.12\debug\board.obj
c:\users\matan\desktop\final_targil3_matan_naor - horasa -18.1 - copy\project-7.12\debug\bullet.obj
c:\users\matan\desktop\final_targil3_matan_naor - horasa -18.1 - copy\project-7.12\debug\coleater.obj
c:\users\matan\desktop\final_targil3_matan_naor - horasa -18.1 - copy\project-7.12\debug\father.obj
c:\users\matan\desktop\final_targil3_matan_naor - horasa -18.1 - copy\project-7.12\debug\game.obj
c:\users\matan\desktop\final_targil3_matan_naor - horasa -18.1 - copy\project-7.12\debug\gotoxy.obj
c:\users\matan\desktop\final_targil3_matan_naor - horasa -18.1 - copy\project-7.12\debug\lineeater.obj
c:\users\matan\desktop\final_targil3_matan_naor - horasa -18.1 - copy\project-7.12\debug\main.obj
c:\users\matan\desktop\final_targil3_matan_naor - horasa -18.1 - copy\project-7.12\debug\mission.obj
c:\users\matan\desktop\final_targil3_matan_naor - horasa -18.1 - copy\project-7.12\debug\numeater.obj
c:\users\matan\desktop\final_targil3_matan_naor - horasa -18.1 - copy\project-7.12\debug\point.obj
c:\users\matan\desktop\final_targil3_matan_naor - horasa -18.1 - copy\project-7.12\debug\snake.obj
c:\users\matan\desktop\final_targil3_matan_naor - horasa -18.1 - copy\debug\project-7.12.ilk
c:\users\matan\desktop\final_targil3_matan_naor - horasa -18.1 - copy\debug\project-7.12.exe
c:\users\matan\desktop\final_targil3_matan_naor - horasa -18.1 - copy\debug\project-7.12.pdb
c:\users\matan\desktop\final_targil3_matan_naor - horasa -18.1 - copy\project-7.12\debug\project-7.12.tlog\cl.command.1.tlog
c:\users\matan\desktop\final_targil3_matan_naor - horasa -18.1 - copy\project-7.12\debug\project-7.12.tlog\cl.read.1.tlog
c:\users\matan\desktop\final_targil3_matan_naor - horasa -18.1 - copy\project-7.12\debug\project-7.12.tlog\cl.write.1.tlog
c:\users\matan\desktop\final_targil3_matan_naor - horasa -18.1 - copy\project-7.12\debug\project-7.12.tlog\link.command.1.tlog
c:\users\matan\desktop\final_targil3_matan_naor - horasa -18.1 - copy\project-7.12\debug\project-7.12.tlog\link.read.1.tlog
c:\users\matan\desktop\final_targil3_matan_naor - horasa -18.1 - copy\project-7.12\debug\project-7.12.tlog\link.write.1.tlog
